I, [2013-08-28T14:46:18.476101 #73698]  INFO -- : Will use local index.
I, [2013-08-28T14:48:39.187811 #73872]  INFO -- : Will use local index.
I, [2013-08-28T14:50:23.366059 #73986]  INFO -- : Will use local index.
I, [2013-08-28T14:52:55.119912 #74129]  INFO -- : Will use local index.
I, [2013-08-28T14:58:55.640364 #74198]  INFO -- : Will use local index.
I, [2013-08-28T14:59:40.722583 #74279]  INFO -- : Will use local index.
I, [2013-08-28T15:16:24.529581 #75716]  INFO -- : Will use local index.
I, [2013-08-28T15:16:32.080779 #75755]  INFO -- : Will use local index.
I, [2013-08-28T15:17:10.619570 #75923]  INFO -- : Will use local index.
I, [2013-08-28T15:18:09.457250 #75971]  INFO -- : Will use local index.
I, [2013-08-28T15:18:47.898916 #76010]  INFO -- : Will use local index.
I, [2013-08-28T15:22:03.011819 #76051]  INFO -- : Will use local index.
I, [2013-08-28T15:23:57.919536 #76177]  INFO -- : Will use local index.
I, [2013-08-28T15:25:14.031184 #76351]  INFO -- : Will use local index.
I, [2013-08-28T15:26:06.513741 #76448]  INFO -- : Will use local index.
I, [2013-08-28T15:28:04.103701 #76699]  INFO -- : Will use local index.
I, [2013-08-28T15:28:23.805353 #76753]  INFO -- : Will use local index.
D, [2013-08-28T15:28:24.032621 #76753] DEBUG -- : using index in ./index/test/alchemy/essence_text
D, [2013-08-28T15:28:24.032749 #76753] DEBUG -- : [alchemy/essence_text] rebuild index with models: []
D, [2013-08-28T15:28:24.038333 #76753] DEBUG -- : [alchemy/essence_text] reopening index at ./index/test/alchemy/essence_text
I, [2013-08-28T15:28:24.038627 #76753]  INFO -- : [alchemy/essence_text] register class Alchemy::EssenceText with index alchemy/essence_text
I, [2013-08-28T15:28:24.038774 #76753]  INFO -- : [alchemy/essence_text] default field list for index alchemy/essence_text: [:body]
D, [2013-08-28T15:28:24.047675 #76753] DEBUG -- : using index in ./index/test/alchemy/essence_richtext
D, [2013-08-28T15:28:24.047874 #76753] DEBUG -- : [alchemy/essence_richtext] rebuild index with models: []
D, [2013-08-28T15:28:24.048978 #76753] DEBUG -- : [alchemy/essence_richtext] reopening index at ./index/test/alchemy/essence_richtext
I, [2013-08-28T15:28:24.049155 #76753]  INFO -- : [alchemy/essence_richtext] register class Alchemy::EssenceRichtext with index alchemy/essence_richtext
I, [2013-08-28T15:28:24.049246 #76753]  INFO -- : [alchemy/essence_richtext] default field list for index alchemy/essence_richtext: [:stripped_body]
